<?xml version="1.0" encoding="UTF-8" ?>
<testsuite failures="0" time="1.703" errors="0" skipped="0" tests="1" name="org.springframework.samples.petcare.ContainerInitTests">
  <properties>
    <property name="java.runtime.name" value="Java(TM) SE Runtime Environment"/>
    <property name="sun.boot.library.path" value="/Library/Java/JavaVirtualMachines/jdk1.7.0_21.jdk/Contents/Home/jre/lib"/>
    <property name="java.vm.version" value="23.21-b01"/>
    <property name="gopherProxySet" value="false"/>
    <property name="java.vm.vendor" value="Oracle Corporation"/>
    <property name="java.vendor.url" value="http://java.oracle.com/"/>
    <property name="path.separator" value=":"/>
    <property name="java.vm.name" value="Java HotSpot(TM) 64-Bit Server VM"/>
    <property name="file.encoding.pkg" value="sun.io"/>
    <property name="user.country" value="US"/>
    <property name="sun.java.launcher" value="SUN_STANDARD"/>
    <property name="sun.os.patch.level" value="unknown"/>
    <property name="java.vm.specification.name" value="Java Virtual Machine Specification"/>
    <property name="user.dir" value="/Users/cmathias/chris/dev/jamp/projects/petcare/spring-petcare-jamp"/>
    <property name="java.runtime.version" value="1.7.0_21-b12"/>
    <property name="java.awt.graphicsenv" value="sun.awt.CGraphicsEnvironment"/>
    <property name="basedir" value="/Users/cmathias/chris/dev/jamp/projects/petcare/spring-petcare-jamp"/>
    <property name="java.endorsed.dirs" value="/Library/Java/JavaVirtualMachines/jdk1.7.0_21.jdk/Contents/Home/jre/lib/endorsed"/>
    <property name="os.arch" value="x86_64"/>
    <property name="surefire.real.class.path" value="/Users/cmathias/chris/dev/jamp/projects/petcare/spring-petcare-jamp/target/surefire/surefirebooter1163270438777925989.jar"/>
    <property name="java.io.tmpdir" value="/var/folders/59/m0xkr86108n4qtbj6nfy8xk00000gn/T/"/>
    <property name="line.separator" value="
"/>
    <property name="java.vm.specification.vendor" value="Oracle Corporation"/>
    <property name="os.name" value="Mac OS X"/>
    <property name="sun.jnu.encoding" value="UTF-8"/>
    <property name="java.library.path" value="/Users/cmathias/Library/Java/Extensions:/Library/Java/Extensions:/Network/Library/Java/Extensions:/System/Library/Java/Extensions:/usr/lib/java:."/>
    <property name="surefire.test.class.path" value="/Users/cmathias/chris/dev/jamp/projects/petcare/spring-petcare-jamp/target/test-classes:/Users/cmathias/chris/dev/jamp/projects/petcare/spring-petcare-jamp/target/classes:/Users/cmathias/.m2/repository/org/springframework/spring-context/3.0.3.RELEASE/spring-context-3.0.3.RELEASE.jar:/Users/cmathias/.m2/repository/org/springframework/spring-aop/3.0.3.RELEASE/spring-aop-3.0.3.RELEASE.jar:/Users/cmathias/.m2/repository/aopalliance/aopalliance/1.0/aopalliance-1.0.jar:/Users/cmathias/.m2/repository/org/springframework/spring-beans/3.0.3.RELEASE/spring-beans-3.0.3.RELEASE.jar:/Users/cmathias/.m2/repository/org/springframework/spring-core/3.0.3.RELEASE/spring-core-3.0.3.RELEASE.jar:/Users/cmathias/.m2/repository/org/springframework/spring-expression/3.0.3.RELEASE/spring-expression-3.0.3.RELEASE.jar:/Users/cmathias/.m2/repository/org/springframework/spring-asm/3.0.3.RELEASE/spring-asm-3.0.3.RELEASE.jar:/Users/cmathias/.m2/repository/org/springframework/spring-jdbc/3.0.3.RELEASE/spring-jdbc-3.0.3.RELEASE.jar:/Users/cmathias/.m2/repository/org/springframework/spring-tx/3.0.3.RELEASE/spring-tx-3.0.3.RELEASE.jar:/Users/cmathias/.m2/repository/org/springframework/spring-orm/3.0.3.RELEASE/spring-orm-3.0.3.RELEASE.jar:/Users/cmathias/.m2/repository/org/springframework/spring-webmvc/3.0.3.RELEASE/spring-webmvc-3.0.3.RELEASE.jar:/Users/cmathias/.m2/repository/org/springframework/spring-context-support/3.0.3.RELEASE/spring-context-support-3.0.3.RELEASE.jar:/Users/cmathias/.m2/repository/org/springframework/spring-web/3.0.3.RELEASE/spring-web-3.0.3.RELEASE.jar:/Users/cmathias/.m2/repository/org/springframework/integration/spring-integration-core/2.0.0.M4/spring-integration-core-2.0.0.M4.jar:/Users/cmathias/.m2/repository/org/springframework/integration/spring-integration-mail/2.0.0.M4/spring-integration-mail-2.0.0.M4.jar:/Users/cmathias/.m2/repository/org/springframework/security/spring-security-web/3.0.2.RELEASE/spring-security-web-3.0.2.RELEASE.jar:/Users/cmathias/.m2/repository/org/springframework/security/spring-security-core/3.0.2.RELEASE/spring-security-core-3.0.2.RELEASE.jar:/Users/cmathias/.m2/repository/org/aspectj/aspectjweaver/1.6.8/aspectjweaver-1.6.8.jar:/Users/cmathias/.m2/repository/org/springframework/security/spring-security-taglibs/3.0.2.RELEASE/spring-security-taglibs-3.0.2.RELEASE.jar:/Users/cmathias/.m2/repository/org/springframework/security/spring-security-acl/3.0.2.RELEASE/spring-security-acl-3.0.2.RELEASE.jar:/Users/cmathias/.m2/repository/org/springframework/security/spring-security-openid/3.0.2.RELEASE/spring-security-openid-3.0.2.RELEASE.jar:/Users/cmathias/.m2/repository/org/openid4java/openid4java/0.9.5/openid4java-0.9.5.jar:/Users/cmathias/.m2/repository/org/openid4java/openid4java-consumer/0.9.5/openid4java-consumer-0.9.5.jar:/Users/cmathias/.m2/repository/org/openid4java/openid4java-nodeps/0.9.5/openid4java-nodeps-0.9.5.jar:/Users/cmathias/.m2/repository/commons-httpclient/commons-httpclient/3.0.1/commons-httpclient-3.0.1.jar:/Users/cmathias/.m2/repository/commons-codec/commons-codec/1.2/commons-codec-1.2.jar:/Users/cmathias/.m2/repository/net/sourceforge/nekohtml/nekohtml/1.9.7/nekohtml-1.9.7.jar:/Users/cmathias/.m2/repository/xerces/xercesImpl/2.8.1/xercesImpl-2.8.1.jar:/Users/cmathias/.m2/repository/org/openid4java/openid4java-server/0.9.5/openid4java-server-0.9.5.jar:/Users/cmathias/.m2/repository/org/openid4java/openid4java-server-JdbcServerAssociationStore/0.9.5/openid4java-server-JdbcServerAssociationStore-0.9.5.jar:/Users/cmathias/.m2/repository/org/openid4java/openid4java-consumer-SampleConsumer/0.9.5/openid4java-consumer-SampleConsumer-0.9.5.jar:/Users/cmathias/.m2/repository/org/openid4java/openid4java-server-SampleServer/0.9.5/openid4java-server-SampleServer-0.9.5.jar:/Users/cmathias/.m2/repository/org/springframework/security/spring-security-config/3.0.2.RELEASE/spring-security-config-3.0.2.RELEASE.jar:/Users/cmathias/.m2/repository/org/springframework/roo/org.springframework.roo.annotations/1.0.2.RELEASE/org.springframework.roo.annotations-1.0.2.RELEASE.jar:/Users/cmathias/.m2/repository/org/aspectj/aspectjrt/1.6.8/aspectjrt-1.6.8.jar:/Users/cmathias/.m2/repository/org/slf4j/slf4j-api/1.5.10/slf4j-api-1.5.10.jar:/Users/cmathias/.m2/repository/org/slf4j/jcl-over-slf4j/1.5.10/jcl-over-slf4j-1.5.10.jar:/Users/cmathias/.m2/repository/org/slf4j/slf4j-log4j12/1.5.10/slf4j-log4j12-1.5.10.jar:/Users/cmathias/.m2/repository/log4j/log4j/1.2.16/log4j-1.2.16.jar:/Users/cmathias/.m2/repository/javax/inject/javax.inject/1/javax.inject-1.jar:/Users/cmathias/.m2/repository/com/h2database/h2/1.2.131/h2-1.2.131.jar:/Users/cmathias/.m2/repository/javax/servlet/servlet-api/2.5/servlet-api-2.5.jar:/Users/cmathias/.m2/repository/javax/servlet/jsp/jsp-api/2.1/jsp-api-2.1.jar:/Users/cmathias/.m2/repository/javax/servlet/jstl/1.2/jstl-1.2.jar:/Users/cmathias/.m2/repository/org/apache/tiles/tiles-jsp/2.1.3/tiles-jsp-2.1.3.jar:/Users/cmathias/.m2/repository/org/apache/tiles/tiles-servlet/2.1.3/tiles-servlet-2.1.3.jar:/Users/cmathias/.m2/repository/org/apache/tiles/tiles-core/2.1.3/tiles-core-2.1.3.jar:/Users/cmathias/.m2/repository/org/apache/tiles/tiles-api/2.1.3/tiles-api-2.1.3.jar:/Users/cmathias/.m2/repository/commons-digester/commons-digester/1.8.1/commons-digester-1.8.1.jar:/Users/cmathias/.m2/repository/commons-beanutils/commons-beanutils/1.8.0/commons-beanutils-1.8.0.jar:/Users/cmathias/.m2/repository/org/apache/tomcat/jasper-el/6.0.13/jasper-el-6.0.13.jar:/Users/cmathias/.m2/repository/org/apache/tomcat/el-api/6.0.13/el-api-6.0.13.jar:/Users/cmathias/.m2/repository/org/hibernate/hibernate-entitymanager/3.5.0-Final/hibernate-entitymanager-3.5.0-Final.jar:/Users/cmathias/.m2/repository/org/hibernate/hibernate-core/3.5.0-Final/hibernate-core-3.5.0-Final.jar:/Users/cmathias/.m2/repository/commons-collections/commons-collections/3.1/commons-collections-3.1.jar:/Users/cmathias/.m2/repository/dom4j/dom4j/1.6.1/dom4j-1.6.1.jar:/Users/cmathias/.m2/repository/xml-apis/xml-apis/1.0.b2/xml-apis-1.0.b2.jar:/Users/cmathias/.m2/repository/javax/transaction/jta/1.1/jta-1.1.jar:/Users/cmathias/.m2/repository/org/hibernate/hibernate-annotations/3.5.0-Final/hibernate-annotations-3.5.0-Final.jar:/Users/cmathias/.m2/repository/org/hibernate/hibernate-commons-annotations/3.2.0.Final/hibernate-commons-annotations-3.2.0.Final.jar:/Users/cmathias/.m2/repository/cglib/cglib/2.2/cglib-2.2.jar:/Users/cmathias/.m2/repository/asm/asm/3.1/asm-3.1.jar:/Users/cmathias/.m2/repository/javassist/javassist/3.9.0.GA/javassist-3.9.0.GA.jar:/Users/cmathias/.m2/repository/org/hibernate/javax/persistence/hibernate-jpa-2.0-api/1.0.0.Final/hibernate-jpa-2.0-api-1.0.0.Final.jar:/Users/cmathias/.m2/repository/javax/validation/validation-api/1.0.0.GA/validation-api-1.0.0.GA.jar:/Users/cmathias/.m2/repository/org/hibernate/hibernate-validator/4.0.2.GA/hibernate-validator-4.0.2.GA.jar:/Users/cmathias/.m2/repository/javax/xml/bind/jaxb-api/2.1/jaxb-api-2.1.jar:/Users/cmathias/.m2/repository/javax/xml/stream/stax-api/1.0-2/stax-api-1.0-2.jar:/Users/cmathias/.m2/repository/com/sun/xml/bind/jaxb-impl/2.1.3/jaxb-impl-2.1.3.jar:/Users/cmathias/.m2/repository/joda-time/joda-time/1.6/joda-time-1.6.jar:/Users/cmathias/.m2/repository/joda-time/joda-time-jsptags/1.0.2/joda-time-jsptags-1.0.2.jar:/Users/cmathias/.m2/repository/javax/mail/mail/1.4.1/mail-1.4.1.jar:/Users/cmathias/.m2/repository/javax/activation/activation/1.1/activation-1.1.jar:/Users/cmathias/.m2/repository/org/antlr/stringtemplate/3.2.1/stringtemplate-3.2.1.jar:/Users/cmathias/.m2/repository/antlr/antlr/2.7.7/antlr-2.7.7.jar:/Users/cmathias/.m2/repository/org/codehaus/jackson/jackson-mapper-asl/1.5.3/jackson-mapper-asl-1.5.3.jar:/Users/cmathias/.m2/repository/org/codehaus/jackson/jackson-core-asl/1.5.3/jackson-core-asl-1.5.3.jar:/Users/cmathias/.m2/repository/com/caucho/makai/0.1/makai-0.1.jar:/Users/cmathias/.m2/repository/junit/junit/4.7/junit-4.7.jar:/Users/cmathias/.m2/repository/org/springframework/spring-test/3.0.3.RELEASE/spring-test-3.0.3.RELEASE.jar:"/>
    <property name="java.specification.name" value="Java Platform API Specification"/>
    <property name="java.class.version" value="51.0"/>
    <property name="sun.management.compiler" value="HotSpot 64-Bit Tiered Compilers"/>
    <property name="os.version" value="10.8.3"/>
    <property name="http.nonProxyHosts" value="local|*.local|169.254/16|*.169.254/16"/>
    <property name="user.home" value="/Users/cmathias"/>
    <property name="user.timezone" value="America/Chicago"/>
    <property name="java.awt.printerjob" value="sun.lwawt.macosx.CPrinterJob"/>
    <property name="java.specification.version" value="1.7"/>
    <property name="file.encoding" value="UTF-8"/>
    <property name="user.name" value="cmathias"/>
    <property name="java.class.path" value="/Users/cmathias/chris/dev/jamp/projects/petcare/spring-petcare-jamp/target/test-classes:/Users/cmathias/chris/dev/jamp/projects/petcare/spring-petcare-jamp/target/classes:/Users/cmathias/.m2/repository/org/springframework/spring-context/3.0.3.RELEASE/spring-context-3.0.3.RELEASE.jar:/Users/cmathias/.m2/repository/org/springframework/spring-aop/3.0.3.RELEASE/spring-aop-3.0.3.RELEASE.jar:/Users/cmathias/.m2/repository/aopalliance/aopalliance/1.0/aopalliance-1.0.jar:/Users/cmathias/.m2/repository/org/springframework/spring-beans/3.0.3.RELEASE/spring-beans-3.0.3.RELEASE.jar:/Users/cmathias/.m2/repository/org/springframework/spring-core/3.0.3.RELEASE/spring-core-3.0.3.RELEASE.jar:/Users/cmathias/.m2/repository/org/springframework/spring-expression/3.0.3.RELEASE/spring-expression-3.0.3.RELEASE.jar:/Users/cmathias/.m2/repository/org/springframework/spring-asm/3.0.3.RELEASE/spring-asm-3.0.3.RELEASE.jar:/Users/cmathias/.m2/repository/org/springframework/spring-jdbc/3.0.3.RELEASE/spring-jdbc-3.0.3.RELEASE.jar:/Users/cmathias/.m2/repository/org/springframework/spring-tx/3.0.3.RELEASE/spring-tx-3.0.3.RELEASE.jar:/Users/cmathias/.m2/repository/org/springframework/spring-orm/3.0.3.RELEASE/spring-orm-3.0.3.RELEASE.jar:/Users/cmathias/.m2/repository/org/springframework/spring-webmvc/3.0.3.RELEASE/spring-webmvc-3.0.3.RELEASE.jar:/Users/cmathias/.m2/repository/org/springframework/spring-context-support/3.0.3.RELEASE/spring-context-support-3.0.3.RELEASE.jar:/Users/cmathias/.m2/repository/org/springframework/spring-web/3.0.3.RELEASE/spring-web-3.0.3.RELEASE.jar:/Users/cmathias/.m2/repository/org/springframework/integration/spring-integration-core/2.0.0.M4/spring-integration-core-2.0.0.M4.jar:/Users/cmathias/.m2/repository/org/springframework/integration/spring-integration-mail/2.0.0.M4/spring-integration-mail-2.0.0.M4.jar:/Users/cmathias/.m2/repository/org/springframework/security/spring-security-web/3.0.2.RELEASE/spring-security-web-3.0.2.RELEASE.jar:/Users/cmathias/.m2/repository/org/springframework/security/spring-security-core/3.0.2.RELEASE/spring-security-core-3.0.2.RELEASE.jar:/Users/cmathias/.m2/repository/org/aspectj/aspectjweaver/1.6.8/aspectjweaver-1.6.8.jar:/Users/cmathias/.m2/repository/org/springframework/security/spring-security-taglibs/3.0.2.RELEASE/spring-security-taglibs-3.0.2.RELEASE.jar:/Users/cmathias/.m2/repository/org/springframework/security/spring-security-acl/3.0.2.RELEASE/spring-security-acl-3.0.2.RELEASE.jar:/Users/cmathias/.m2/repository/org/springframework/security/spring-security-openid/3.0.2.RELEASE/spring-security-openid-3.0.2.RELEASE.jar:/Users/cmathias/.m2/repository/org/openid4java/openid4java/0.9.5/openid4java-0.9.5.jar:/Users/cmathias/.m2/repository/org/openid4java/openid4java-consumer/0.9.5/openid4java-consumer-0.9.5.jar:/Users/cmathias/.m2/repository/org/openid4java/openid4java-nodeps/0.9.5/openid4java-nodeps-0.9.5.jar:/Users/cmathias/.m2/repository/commons-httpclient/commons-httpclient/3.0.1/commons-httpclient-3.0.1.jar:/Users/cmathias/.m2/repository/commons-codec/commons-codec/1.2/commons-codec-1.2.jar:/Users/cmathias/.m2/repository/net/sourceforge/nekohtml/nekohtml/1.9.7/nekohtml-1.9.7.jar:/Users/cmathias/.m2/repository/xerces/xercesImpl/2.8.1/xercesImpl-2.8.1.jar:/Users/cmathias/.m2/repository/org/openid4java/openid4java-server/0.9.5/openid4java-server-0.9.5.jar:/Users/cmathias/.m2/repository/org/openid4java/openid4java-server-JdbcServerAssociationStore/0.9.5/openid4java-server-JdbcServerAssociationStore-0.9.5.jar:/Users/cmathias/.m2/repository/org/openid4java/openid4java-consumer-SampleConsumer/0.9.5/openid4java-consumer-SampleConsumer-0.9.5.jar:/Users/cmathias/.m2/repository/org/openid4java/openid4java-server-SampleServer/0.9.5/openid4java-server-SampleServer-0.9.5.jar:/Users/cmathias/.m2/repository/org/springframework/security/spring-security-config/3.0.2.RELEASE/spring-security-config-3.0.2.RELEASE.jar:/Users/cmathias/.m2/repository/org/springframework/roo/org.springframework.roo.annotations/1.0.2.RELEASE/org.springframework.roo.annotations-1.0.2.RELEASE.jar:/Users/cmathias/.m2/repository/org/aspectj/aspectjrt/1.6.8/aspectjrt-1.6.8.jar:/Users/cmathias/.m2/repository/org/slf4j/slf4j-api/1.5.10/slf4j-api-1.5.10.jar:/Users/cmathias/.m2/repository/org/slf4j/jcl-over-slf4j/1.5.10/jcl-over-slf4j-1.5.10.jar:/Users/cmathias/.m2/repository/org/slf4j/slf4j-log4j12/1.5.10/slf4j-log4j12-1.5.10.jar:/Users/cmathias/.m2/repository/log4j/log4j/1.2.16/log4j-1.2.16.jar:/Users/cmathias/.m2/repository/javax/inject/javax.inject/1/javax.inject-1.jar:/Users/cmathias/.m2/repository/com/h2database/h2/1.2.131/h2-1.2.131.jar:/Users/cmathias/.m2/repository/javax/servlet/servlet-api/2.5/servlet-api-2.5.jar:/Users/cmathias/.m2/repository/javax/servlet/jsp/jsp-api/2.1/jsp-api-2.1.jar:/Users/cmathias/.m2/repository/javax/servlet/jstl/1.2/jstl-1.2.jar:/Users/cmathias/.m2/repository/org/apache/tiles/tiles-jsp/2.1.3/tiles-jsp-2.1.3.jar:/Users/cmathias/.m2/repository/org/apache/tiles/tiles-servlet/2.1.3/tiles-servlet-2.1.3.jar:/Users/cmathias/.m2/repository/org/apache/tiles/tiles-core/2.1.3/tiles-core-2.1.3.jar:/Users/cmathias/.m2/repository/org/apache/tiles/tiles-api/2.1.3/tiles-api-2.1.3.jar:/Users/cmathias/.m2/repository/commons-digester/commons-digester/1.8.1/commons-digester-1.8.1.jar:/Users/cmathias/.m2/repository/commons-beanutils/commons-beanutils/1.8.0/commons-beanutils-1.8.0.jar:/Users/cmathias/.m2/repository/org/apache/tomcat/jasper-el/6.0.13/jasper-el-6.0.13.jar:/Users/cmathias/.m2/repository/org/apache/tomcat/el-api/6.0.13/el-api-6.0.13.jar:/Users/cmathias/.m2/repository/org/hibernate/hibernate-entitymanager/3.5.0-Final/hibernate-entitymanager-3.5.0-Final.jar:/Users/cmathias/.m2/repository/org/hibernate/hibernate-core/3.5.0-Final/hibernate-core-3.5.0-Final.jar:/Users/cmathias/.m2/repository/commons-collections/commons-collections/3.1/commons-collections-3.1.jar:/Users/cmathias/.m2/repository/dom4j/dom4j/1.6.1/dom4j-1.6.1.jar:/Users/cmathias/.m2/repository/xml-apis/xml-apis/1.0.b2/xml-apis-1.0.b2.jar:/Users/cmathias/.m2/repository/javax/transaction/jta/1.1/jta-1.1.jar:/Users/cmathias/.m2/repository/org/hibernate/hibernate-annotations/3.5.0-Final/hibernate-annotations-3.5.0-Final.jar:/Users/cmathias/.m2/repository/org/hibernate/hibernate-commons-annotations/3.2.0.Final/hibernate-commons-annotations-3.2.0.Final.jar:/Users/cmathias/.m2/repository/cglib/cglib/2.2/cglib-2.2.jar:/Users/cmathias/.m2/repository/asm/asm/3.1/asm-3.1.jar:/Users/cmathias/.m2/repository/javassist/javassist/3.9.0.GA/javassist-3.9.0.GA.jar:/Users/cmathias/.m2/repository/org/hibernate/javax/persistence/hibernate-jpa-2.0-api/1.0.0.Final/hibernate-jpa-2.0-api-1.0.0.Final.jar:/Users/cmathias/.m2/repository/javax/validation/validation-api/1.0.0.GA/validation-api-1.0.0.GA.jar:/Users/cmathias/.m2/repository/org/hibernate/hibernate-validator/4.0.2.GA/hibernate-validator-4.0.2.GA.jar:/Users/cmathias/.m2/repository/javax/xml/bind/jaxb-api/2.1/jaxb-api-2.1.jar:/Users/cmathias/.m2/repository/javax/xml/stream/stax-api/1.0-2/stax-api-1.0-2.jar:/Users/cmathias/.m2/repository/com/sun/xml/bind/jaxb-impl/2.1.3/jaxb-impl-2.1.3.jar:/Users/cmathias/.m2/repository/joda-time/joda-time/1.6/joda-time-1.6.jar:/Users/cmathias/.m2/repository/joda-time/joda-time-jsptags/1.0.2/joda-time-jsptags-1.0.2.jar:/Users/cmathias/.m2/repository/javax/mail/mail/1.4.1/mail-1.4.1.jar:/Users/cmathias/.m2/repository/javax/activation/activation/1.1/activation-1.1.jar:/Users/cmathias/.m2/repository/org/antlr/stringtemplate/3.2.1/stringtemplate-3.2.1.jar:/Users/cmathias/.m2/repository/antlr/antlr/2.7.7/antlr-2.7.7.jar:/Users/cmathias/.m2/repository/org/codehaus/jackson/jackson-mapper-asl/1.5.3/jackson-mapper-asl-1.5.3.jar:/Users/cmathias/.m2/repository/org/codehaus/jackson/jackson-core-asl/1.5.3/jackson-core-asl-1.5.3.jar:/Users/cmathias/.m2/repository/com/caucho/makai/0.1/makai-0.1.jar:/Users/cmathias/.m2/repository/junit/junit/4.7/junit-4.7.jar:/Users/cmathias/.m2/repository/org/springframework/spring-test/3.0.3.RELEASE/spring-test-3.0.3.RELEASE.jar:"/>
    <property name="java.vm.specification.version" value="1.7"/>
    <property name="sun.arch.data.model" value="64"/>
    <property name="java.home" value="/Library/Java/JavaVirtualMachines/jdk1.7.0_21.jdk/Contents/Home/jre"/>
    <property name="sun.java.command" value="/Users/cmathias/chris/dev/jamp/projects/petcare/spring-petcare-jamp/target/surefire/surefirebooter1163270438777925989.jar /Users/cmathias/chris/dev/jamp/projects/petcare/spring-petcare-jamp/target/surefire/surefire1598411767847409365tmp /Users/cmathias/chris/dev/jamp/projects/petcare/spring-petcare-jamp/target/surefire/surefire1971034174278788508tmp"/>
    <property name="java.specification.vendor" value="Oracle Corporation"/>
    <property name="user.language" value="en"/>
    <property name="awt.toolkit" value="sun.lwawt.macosx.LWCToolkit"/>
    <property name="java.vm.info" value="mixed mode"/>
    <property name="java.version" value="1.7.0_21"/>
    <property name="java.ext.dirs" value="/Users/cmathias/Library/Java/Extensions:/Library/Java/JavaVirtualMachines/jdk1.7.0_21.jdk/Contents/Home/jre/lib/ext:/Library/Java/Extensions:/Network/Library/Java/Extensions:/System/Library/Java/Extensions:/usr/lib/java"/>
    <property name="sun.boot.class.path" value="/Library/Java/JavaVirtualMachines/jdk1.7.0_21.jdk/Contents/Home/jre/lib/resources.jar:/Library/Java/JavaVirtualMachines/jdk1.7.0_21.jdk/Contents/Home/jre/lib/rt.jar:/Library/Java/JavaVirtualMachines/jdk1.7.0_21.jdk/Contents/Home/jre/lib/sunrsasign.jar:/Library/Java/JavaVirtualMachines/jdk1.7.0_21.jdk/Contents/Home/jre/lib/jsse.jar:/Library/Java/JavaVirtualMachines/jdk1.7.0_21.jdk/Contents/Home/jre/lib/jce.jar:/Library/Java/JavaVirtualMachines/jdk1.7.0_21.jdk/Contents/Home/jre/lib/charsets.jar:/Library/Java/JavaVirtualMachines/jdk1.7.0_21.jdk/Contents/Home/jre/lib/jfr.jar:/Library/Java/JavaVirtualMachines/jdk1.7.0_21.jdk/Contents/Home/jre/lib/JObjC.jar:/Library/Java/JavaVirtualMachines/jdk1.7.0_21.jdk/Contents/Home/jre/classes"/>
    <property name="java.vendor" value="Oracle Corporation"/>
    <property name="localRepository" value="/Users/cmathias/.m2/repository"/>
    <property name="file.separator" value="/"/>
    <property name="java.vendor.url.bug" value="http://bugreport.sun.com/bugreport/"/>
    <property name="sun.cpu.endian" value="little"/>
    <property name="sun.io.unicode.encoding" value="UnicodeBig"/>
    <property name="socksNonProxyHosts" value="local|*.local|169.254/16|*.169.254/16"/>
    <property name="ftp.nonProxyHosts" value="local|*.local|169.254/16|*.169.254/16"/>
    <property name="sun.cpu.isalist" value=""/>
  </properties>
  <testcase time="1.693" classname="org.springframework.samples.petcare.ContainerInitTests" name="testOk"/>
</testsuite>